Case: 1
+---+---+---+
| O | X | O |
+---+---+---+
| O | O | X |
+---+---+---+
| X | O | O |
+---+---+---+
| O | O | O |
+---+---+---+

Solution:
+---+---+---+
|   | X | O |
+   +---+---+
|   |   | X |
+---+   +---+
| X |   |   |
+---+---+   +
|       |   |
+---+---+---+

Uncovered squares remaining = 1

Case: 2
+---+---+---+
| O | O | O |
+---+---+---+
| O | O | X |
+---+---+---+
| O | X | O |
+---+---+---+
| X | O | O |
+---+---+---+

Solution:
+---+---+---+
|   |       |
+   +---+---+
|   | O | X |
+---+---+---+
| O | X |   |
+---+---+   +
| X | O |   |
+---+---+---+

Uncovered squares remaining = 3

Case: 3
+---+---+---+---+
| O | O | O | O |
+---+---+---+---+
| O | O | O | O |
+---+---+---+---+
| X | X | O | O |
+---+---+---+---+
| O | O | X | O |
+---+---+---+---+
| O | X | O | O |
+---+---+---+---+

Solution:
+---+---+---+---+
|   |   |       |
+   +   +---+---+
|   |   |   |   |
+---+---+   +   +
| X | X |   |   |
+---+---+---+---+
|       | X |   |
+---+---+---+   +
| O | X | O |   |
+---+---+---+---+

Uncovered squares remaining = 2

Case: 4
+---+---+---+---+
| O | O | X | O |
+---+---+---+---+
| O | O | X | O |
+---+---+---+---+
| O | X | X | O |
+---+---+---+---+
| O | O | X | O |
+---+---+---+---+
| O | X | X | O |
+---+---+---+---+

Solution:
+---+---+---+---+
|   |   | X |   |
+   +   +---+   +
|   |   | X |   |
+---+---+---+---+
|   | X | X |   |
+   +---+---+   +
|   | O | X |   |
+---+---+---+---+
| O | X | X | O |
+---+---+---+---+

Uncovered squares remaining = 3

Case: 5
+---+---+---+---+
| O | O | O | O |
+---+---+---+---+
| O | O | X | O |
+---+---+---+---+
| O | O | O | X |
+---+---+---+---+
| X | O | X | O |
+---+---+---+---+
| O | X | O | O |
+---+---+---+---+

Solution:
+---+---+---+---+
|   |       |   |
+   +---+---+   +
|   |   | X |   |
+---+   +---+---+
| O |   | O | X |
+---+---+---+---+
| X | O | X |   |
+---+---+---+   +
| O | X | O |   |
+---+---+---+---+

Uncovered squares remaining = 5

Case: 6
+---+---+---+---+
| O | O | O | O |
+---+---+---+---+
| O | O | O | O |
+---+---+---+---+
| O | O | O | O |
+---+---+---+---+
| O | O | O | O |
+---+---+---+---+
| O | O | O | O |
+---+---+---+---+

Solution:
+---+---+---+---+
|       |       |
+---+---+---+---+
|   |   |   |   |
+   +   +   +   +
|   |   |   |   |
+---+---+---+---+
|   |   |   |   |
+   +   +   +   +
|   |   |   |   |
+---+---+---+---+

Uncovered squares remaining = 0

Case: 7
+---+---+---+---+
| X | X | X | X |
+---+---+---+---+
| X | X | X | X |
+---+---+---+---+
| X | X | X | X |
+---+---+---+---+
| X | X | X | X |
+---+---+---+---+
| X | X | X | X |
+---+---+---+---+

Solution:
+---+---+---+---+
| X | X | X | X |
+---+---+---+---+
| X | X | X | X |
+---+---+---+---+
| X | X | X | X |
+---+---+---+---+
| X | X | X | X |
+---+---+---+---+
| X | X | X | X |
+---+---+---+---+

Uncovered squares remaining = 0

Case: 8
+---+---+---+---+
| O | X | X | X |
+---+---+---+---+
| X | X | X | X |
+---+---+---+---+
| X | X | X | X |
+---+---+---+---+
| X | X | X | X |
+---+---+---+---+
| X | X | X | O |
+---+---+---+---+

Solution:
+---+---+---+---+
| O | X | X | X |
+---+---+---+---+
| X | X | X | X |
+---+---+---+---+
| X | X | X | X |
+---+---+---+---+
| X | X | X | X |
+---+---+---+---+
| X | X | X | O |
+---+---+---+---+

Uncovered squares remaining = 2

Case: 9
+---+---+---+---+
| X | O | O | O |
+---+---+---+---+
| O | O | O | O |
+---+---+---+---+
| O | O | O | O |
+---+---+---+---+
| O | O | O | O |
+---+---+---+---+
| O | O | O | O |
+---+---+---+---+

Solution:
+---+---+---+---+
| X |       |   |
+---+---+---+   +
|   |   |   |   |
+   +   +   +---+
|   |   |   |   |
+---+---+---+   +
|   |   |   |   |
+   +   +   +---+
|   |   |   | O |
+---+---+---+---+

Uncovered squares remaining = 1

Case: 10
+---+---+---+---+
| X | O | O | O |
+---+---+---+---+
| O | O | O | O |
+---+---+---+---+
| O | O | O | O |
+---+---+---+---+
| O | O | O | O |
+---+---+---+---+
| O | O | O | X |
+---+---+---+---+

Solution:
+---+---+---+---+
| X |       |   |
+---+---+---+   +
|   |   |   |   |
+   +   +   +---+
|   |   |   |   |
+---+---+---+   +
|   |   |   |   |
+   +   +   +---+
|   |   |   | X |
+---+---+---+---+

Uncovered squares remaining = 0

Case: 11
+---+---+---+---+
| O | O | O | O |
+---+---+---+---+
| O | O | O | O |
+---+---+---+---+
| O | O | O | O |
+---+---+---+---+
| O | O | O | O |
+---+---+---+---+
| O | O | O | X |
+---+---+---+---+

Solution:
+---+---+---+---+
|   |   |       |
+   +   +---+---+
|   |   |   |   |
+---+---+   +   +
|   |   |   |   |
+   +   +---+---+
|   |   |       |
+---+---+---+---+
| O |       | X |
+---+---+---+---+

Uncovered squares remaining = 1

Case: 12
+---+---+---+---+---+---+
| O | O | O | O | O | O |
+---+---+---+---+---+---+
| O | X | X | X | X | O |
+---+---+---+---+---+---+
| O | X | O | O | X | O |
+---+---+---+---+---+---+
| O | X | O | O | X | O |
+---+---+---+---+---+---+
| O | X | O | O | X | O |
+---+---+---+---+---+---+
| O | X | O | O | X | O |
+---+---+---+---+---+---+
| O | X | X | X | X | O |
+---+---+---+---+---+---+
| O | O | O | O | O | O |
+---+---+---+---+---+---+

Solution:
+---+---+---+---+---+---+
|   |       |       |   |
+   +---+---+---+---+   +
|   | X | X | X | X |   |
+---+---+---+---+---+---+
|   | X |   |   | X |   |
+   +---+   +   +---+   +
|   | X |   |   | X |   |
+---+---+---+---+---+---+
|   | X |   |   | X |   |
+   +---+   +   +---+   +
|   | X |   |   | X |   |
+---+---+---+---+---+---+
|   | X | X | X | X |   |
+   +---+---+---+---+   +
|   |       |       |   |
+---+---+---+---+---+---+

Uncovered squares remaining = 0

Case: 13
+---+---+---+---+---+---+
| O | O | O | O | O | X |
+---+---+---+---+---+---+
| O | O | O | O | O | O |
+---+---+---+---+---+---+
| O | O | O | O | O | O |
+---+---+---+---+---+---+
| O | X | O | O | X | O |
+---+---+---+---+---+---+
| X | O | O | O | O | O |
+---+---+---+---+---+---+
| X | X | X | X | X | X |
+---+---+---+---+---+---+
| O | O | O | X | X | O |
+---+---+---+---+---+---+
| O | O | O | O | O | O |
+---+---+---+---+---+---+

Solution:
+---+---+---+---+---+---+
|   |       |       | X |
+   +---+---+---+---+---+
|   |   |       |       |
+---+   +---+---+---+---+
|   |   |   |       |   |
+   +---+   +---+---+   +
|   | X |   |   | X |   |
+---+---+---+   +---+---+
| X |       |   |       |
+---+---+---+---+---+---+
| X | X | X | X | X | X |
+---+---+---+---+---+---+
|   |   |   | X | X |   |
+   +   +   +---+---+   +
|   |   |   |       |   |
+---+---+---+---+---+---+

Uncovered squares remaining = 0

Case: 14
+---+---+---+---+---+---+
| O | O | O | X | O | O |
+---+---+---+---+---+---+
| O | O | O | O | X | O |
+---+---+---+---+---+---+
| X | O | X | X | O | O |
+---+---+---+---+---+---+
| O | X | O | O | O | O |
+---+---+---+---+---+---+
| O | X | O | O | O | O |
+---+---+---+---+---+---+
| O | O | O | X | O | X |
+---+---+---+---+---+---+

Solution:
+---+---+---+---+---+---+
|   |       | X |       |
+   +---+---+---+---+---+
|   |   |       | X |   |
+---+   +---+---+---+   +
| X |   | X | X |   |   |
+---+---+---+---+   +---+
|   | X |   |   |   |   |
+   +---+   +   +---+   +
|   | X |   |   |   |   |
+---+---+---+---+   +---+
|       | O | X |   | X |
+---+---+---+---+---+---+

Uncovered squares remaining = 1

Case: 15
+---+---+---+---+---+---+---+
| O | X | O | O | X | O | O |
+---+---+---+---+---+---+---+
| O | O | X | O | X | O | O |
+---+---+---+---+---+---+---+
| O | X | O | O | O | O | X |
+---+---+---+---+---+---+---+
| O | X | O | X | O | O | O |
+---+---+---+---+---+---+---+
| O | O | O | O | O | X | O |
+---+---+---+---+---+---+---+

Solution:
+---+---+---+---+---+---+---+
|   | X |       | X |   |   |
+   +---+---+---+---+   +   +
|   | O | X |   | X |   |   |
+---+---+---+   +---+---+---+
|   | X |   |   |   |   | X |
+   +---+   +---+   +   +---+
|   | X |   | X |   |   |   |
+---+---+---+---+---+---+   +
|       |       | O | X |   |
+---+---+---+---+---+---+---+

Uncovered squares remaining = 2

Case: 16
+---+---+---+---+
| O | X | O | O |
+---+---+---+---+
| O | O | X | O |
+---+---+---+---+
| X | X | O | O |
+---+---+---+---+
| O | O | O | X |
+---+---+---+---+
| O | O | O | O |
+---+---+---+---+

Solution:
+---+---+---+---+
|   | X |       |
+   +---+---+---+
|   | O | X |   |
+---+---+---+   +
| X | X |   |   |
+---+---+   +---+
|   |   |   | X |
+   +   +---+---+
|   |   |       |
+---+---+---+---+

Uncovered squares remaining = 1

Case: 17
+---+---+---+---+---+---+---+---+
| O | O | O | X | O | O | O | O |
+---+---+---+---+---+---+---+---+
| O | X | O | O | O | O | O | O |
+---+---+---+---+---+---+---+---+
| O | O | O | O | O | O | O | X |
+---+---+---+---+---+---+---+---+
| O | O | X | O | O | X | O | O |
+---+---+---+---+---+---+---+---+
| O | O | O | O | O | O | O | O |
+---+---+---+---+---+---+---+---+
| O | O | O | O | O | X | O | O |
+---+---+---+---+---+---+---+---+
| X | O | O | O | O | O | O | O |
+---+---+---+---+---+---+---+---+
| O | O | X | O | O | O | O | O |
+---+---+---+---+---+---+---+---+

Solution:
+---+---+---+---+---+---+---+---+
|   |       | X |       |       |
+   +---+---+---+---+---+---+---+
|   | X |   |       |   |       |
+---+---+   +---+---+   +---+---+
|   |   |   |       |   |   | X |
+   +   +---+---+---+---+   +---+
|   |   | X |       | X |   |   |
+---+---+---+---+---+---+---+   +
|   |   |   |   |   |       |   |
+   +   +   +   +   +---+---+---+
|   |   |   |   |   | X |   |   |
+---+---+---+---+---+---+   +   +
| X |       |   |   |   |   |   |
+---+---+---+   +   +   +---+---+
|       | X |   |   |   |       |
+---+---+---+---+---+---+---+---+

Uncovered squares remaining = 0

Case: 18
+---+---+---+---+
| X | O | O | O |
+---+---+---+---+
| O | O | O | O |
+---+---+---+---+
| X | X | O | O |
+---+---+---+---+
| O | O | X | O |
+---+---+---+---+
| O | X | O | O |
+---+---+---+---+

Solution:
+---+---+---+---+
| X |       |   |
+---+---+---+   +
|       |   |   |
+---+---+   +---+
| X | X |   |   |
+---+---+---+   +
|       | X |   |
+---+---+---+---+
| O | X |       |
+---+---+---+---+

Uncovered squares remaining = 1

Case: 19
+---+---+---+---+---+---+---+---+---+---+---+---+---+---+---+---+---+---+---+---+
| O | O | O | O | X | X | O | O | O | X | X | O | X | O | O | O | O | O | O | O |
+---+---+---+---+---+---+---+---+---+---+---+---+---+---+---+---+---+---+---+---+
| X | O | O | X | X | O | O | X | O | O | X | O | O | X | O | O | X | O | X | O |
+---+---+---+---+---+---+---+---+---+---+---+---+---+---+---+---+---+---+---+---+
| O | O | O | O | O | X | O | X | X | O | X | X | O | X | O | O | O | O | O | O |
+---+---+---+---+---+---+---+---+---+---+---+---+---+---+---+---+---+---+---+---+
| O | O | X | O | O | X | O | O | O | O | O | O | O | O | O | O | O | X | O | O |
+---+---+---+---+---+---+---+---+---+---+---+---+---+---+---+---+---+---+---+---+
| X | O | O | O | O | X | X | O | X | O | O | O | X | O | X | O | O | O | O | O |
+---+---+---+---+---+---+---+---+---+---+---+---+---+---+---+---+---+---+---+---+
| O | X | O | O | O | X | X | O | X | O | X | O | O | X | O | O | O | O | O | X |
+---+---+---+---+---+---+---+---+---+---+---+---+---+---+---+---+---+---+---+---+
| O | X | X | X | X | O | X | X | X | O | O | O | O | O | O | O | O | O | O | O |
+---+---+---+---+---+---+---+---+---+---+---+---+---+---+---+---+---+---+---+---+
| X | O | O | O | O | O | O | O | X | O | O | O | O | O | O | O | O | O | O | O |
+---+---+---+---+---+---+---+---+---+---+---+---+---+---+---+---+---+---+---+---+
| O | O | X | O | O | X | X | O | X | O | O | X | O | O | O | O | O | O | O | X |
+---+---+---+---+---+---+---+---+---+---+---+---+---+---+---+---+---+---+---+---+
| O | O | O | O | O | O | X | O | O | O | O | O | X | O | O | O | X | O | O | O |
+---+---+---+---+---+---+---+---+---+---+---+---+---+---+---+---+---+---+---+---+
| O | O | O | O | O | X | O | X | X | O | O | O | X | O | O | O | O | O | O | O |
+---+---+---+---+---+---+---+---+---+---+---+---+---+---+---+---+---+---+---+---+
| O | O | O | X | O | O | O | O | O | O | O | O | O | O | O | X | O | X | X | O |
+---+---+---+---+---+---+---+---+---+---+---+---+---+---+---+---+---+---+---+---+
| O | O | O | O | O | O | O | X | O | X | O | O | O | O | O | O | O | O | O | O |
+---+---+---+---+---+---+---+---+---+---+---+---+---+---+---+---+---+---+---+---+
| O | X | O | O | O | X | O | O | O | X | O | O | X | O | O | X | O | X | O | O |
+---+---+---+---+---+---+---+---+---+---+---+---+---+---+---+---+---+---+---+---+
| O | O | O | X | O | X | O | O | O | O | O | X | O | X | O | X | O | O | O | X |
+---+---+---+---+---+---+---+---+---+---+---+---+---+---+---+---+---+---+---+---+
| O | X | O | O | O | O | O | X | O | X | O | O | O | O | O | O | O | O | O | O |
+---+---+---+---+---+---+---+---+---+---+---+---+---+---+---+---+---+---+---+---+
| O | O | O | O | O | X | O | O | O | O | X | O | O | O | O | O | O | O | O | X |
+---+---+---+---+---+---+---+---+---+---+---+---+---+---+---+---+---+---+---+---+
| O | X | O | O | O | O | O | O | O | O | O | O | X | O | O | O | O | X | O | O |
+---+---+---+---+---+---+---+---+---+---+---+---+---+---+---+---+---+---+---+---+
| O | X | O | O | O | O | O | X | O | X | O | O | O | O | X | O | O | O | X | O |
+---+---+---+---+---+---+---+---+---+---+---+---+---+---+---+---+---+---+---+---+
| O | O | O | X | O | O | O | X | X | O | O | X | O | O | O | O | X | O | O | O |
+---+---+---+---+---+---+---+---+---+---+---+---+---+---+---+---+---+---+---+---+

Solution:
+---+---+---+---+---+---+---+---+---+---+---+---+---+---+---+---+---+---+---+---+
|       |       | X | X |       |   | X | X |   | X |       |       |   |       |
+---+---+---+---+---+---+---+---+   +---+---+   +---+---+---+---+---+   +---+---+
| X |   |   | X | X |       | X |   |   | X |   |   | X |       | X |   | X |   |
+---+   +   +---+---+---+---+---+---+   +---+---+   +---+---+---+---+---+---+   +
|   |   |   |   |   | X |   | X | X |   | X | X |   | X |   |   |       |   |   |
+   +---+---+   +   +---+   +---+---+---+---+---+---+---+   +   +---+---+   +---+
|   |   | X |   |   | X |   |       |   |   |       |   |   |   |   | X |   |   |
+---+   +---+---+---+---+---+---+---+   +   +---+---+   +---+---+   +---+---+   +
| X |   |   |   |   | X | X |   | X |   |   |   | X |   | X |   |   |   |   |   |
+---+---+   +   +   +---+---+   +---+---+---+   +---+---+---+   +---+   +   +---+
|   | X |   |   |   | X | X |   | X |   | X |   |   | X |   |   |   |   |   | X |
+   +---+---+---+---+---+---+---+---+   +---+---+   +---+   +---+   +---+---+---+
|   | X | X | X | X |   | X | X | X |   |       |   |   |   |   |   |   |       |
+---+---+---+---+---+   +---+---+---+---+---+---+---+   +---+   +---+   +---+---+
| X |   |       |   |   |       | X |   |   |       |   |   |   |   |   |       |
+---+   +---+---+   +---+---+---+---+   +   +---+---+---+   +---+   +---+---+---+
|   |   | X |   |   | X | X |   | X |   |   | X |       |   |   |   |   |   | X |
+   +---+---+   +---+---+---+   +---+---+---+---+---+---+---+   +---+   +   +---+
|   |   |   |   |       | X |   |       |       | X |       |   | X |   |   |   |
+---+   +   +---+---+---+---+---+---+---+---+---+---+---+---+---+---+---+---+   +
|   |   |   |       | X |   | X | X |   |   |   | X |   |   |       |       |   |
+   +---+---+---+---+---+   +---+---+   +   +   +---+   +   +---+---+---+---+---+
|   |   |   | X |       |   |       |   |   |   |   |   |   | X |   | X | X |   |
+---+   +   +---+---+---+---+---+---+---+---+---+   +---+---+---+   +---+---+   +
|   |   |   |       |       | X |   | X |       |   |   |       |   |       |   |
+   +---+---+---+---+---+---+---+   +---+---+---+---+   +---+---+---+---+---+---+
|   | X |       |   | X |       |   | X |       | X |   |   | X |   | X |       |
+---+---+---+---+   +---+---+---+---+---+---+---+---+---+   +---+   +---+---+---+
|   |       | X |   | X |   |       |       | X |   | X |   | X |   |       | X |
+   +---+---+---+---+---+   +---+---+---+---+---+   +---+---+---+---+---+---+---+
|   | X |       |       |   | X |   | X |       |   |       |   |   |   |       |
+---+---+---+---+---+---+---+---+   +---+---+---+---+---+---+   +   +   +---+---+
|   |       |       | X |   |   |   |   | X |       |   |   |   |   |   |   | X |
+   +---+---+---+---+---+   +   +---+   +---+---+---+   +   +---+---+---+   +---+
|   | X |   |   |       |   |   |   |   |       | X |   |   |   |   | X |   |   |
+---+---+   +   +---+---+---+---+   +---+---+---+---+---+---+   +   +---+---+   +
|   | X |   |   |   |       | X |   | X |       |       | X |   |   |   | X |   |
+   +---+---+---+   +---+---+---+---+---+---+---+---+---+---+---+---+   +---+---+
|   |       | X |   |       | X | X |       | X |       |       | X |   |       |
+---+---+---+---+---+---+---+---+---+---+---+---+---+---+---+---+---+---+---+---+

Uncovered squares remaining = 0

Case: 20
+---+---+---+---+---+---+---+---+---+---+---+---+---+---+---+---+---+---+---+---+
| O | O | O | O | X | X | O | O | O | X | X | O | X | O | O | O | O | O | O | O |
+---+---+---+---+---+---+---+---+---+---+---+---+---+---+---+---+---+---+---+---+
| X | O | O | X | X | O | O | X | O | O | X | O | O | X | O | O | X | O | X | O |
+---+---+---+---+---+---+---+---+---+---+---+---+---+---+---+---+---+---+---+---+
| O | O | O | O | O | X | O | X | X | O | X | X | O | X | O | O | O | O | O | O |
+---+---+---+---+---+---+---+---+---+---+---+---+---+---+---+---+---+---+---+---+
| O | O | X | O | O | X | O | O | O | O | O | O | O | O | O | O | O | X | O | O |
+---+---+---+---+---+---+---+---+---+---+---+---+---+---+---+---+---+---+---+---+
| X | O | O | O | O | X | X | O | X | O | O | O | X | O | X | O | O | O | O | O |
+---+---+---+---+---+---+---+---+---+---+---+---+---+---+---+---+---+---+---+---+
| O | X | O | O | O | O | X | O | X | O | X | O | O | X | O | O | O | O | O | X |
+---+---+---+---+---+---+---+---+---+---+---+---+---+---+---+---+---+---+---+---+
| O | X | X | X | X | O | X | X | X | O | O | O | O | O | O | O | O | O | O | O |
+---+---+---+---+---+---+---+---+---+---+---+---+---+---+---+---+---+---+---+---+
| X | O | O | O | O | O | O | O | X | O | O | O | O | O | O | O | O | O | O | O |
+---+---+---+---+---+---+---+---+---+---+---+---+---+---+---+---+---+---+---+---+
| O | O | X | O | O | X | X | O | X | O | O | X | O | O | O | O | O | O | O | X |
+---+---+---+---+---+---+---+---+---+---+---+---+---+---+---+---+---+---+---+---+
| O | O | O | O | O | O | X | O | O | O | O | O | X | O | O | O | X | O | O | O |
+---+---+---+---+---+---+---+---+---+---+---+---+---+---+---+---+---+---+---+---+
| O | O | O | O | O | X | O | X | X | O | O | O | X | O | O | O | O | O | O | O |
+---+---+---+---+---+---+---+---+---+---+---+---+---+---+---+---+---+---+---+---+
| O | O | O | X | O | O | O | O | O | O | O | O | O | O | O | X | O | X | X | O |
+---+---+---+---+---+---+---+---+---+---+---+---+---+---+---+---+---+---+---+---+
| O | O | O | O | O | O | O | X | O | X | O | O | O | O | O | O | O | O | O | O |
+---+---+---+---+---+---+---+---+---+---+---+---+---+---+---+---+---+---+---+---+
| O | X | O | O | O | X | O | O | O | X | O | O | X | O | O | X | O | X | O | O |
+---+---+---+---+---+---+---+---+---+---+---+---+---+---+---+---+---+---+---+---+
| O | O | O | X | O | X | O | O | O | O | O | X | O | X | O | X | O | O | O | X |
+---+---+---+---+---+---+---+---+---+---+---+---+---+---+---+---+---+---+---+---+
| O | X | O | O | O | O | O | X | O | X | O | O | O | O | O | O | O | O | O | O |
+---+---+---+---+---+---+---+---+---+---+---+---+---+---+---+---+---+---+---+---+
| O | O | O | O | O | X | O | O | O | O | X | O | O | O | O | O | O | O | O | X |
+---+---+---+---+---+---+---+---+---+---+---+---+---+---+---+---+---+---+---+---+
| O | X | O | O | O | O | O | O | O | O | O | O | X | O | O | O | O | X | O | O |
+---+---+---+---+---+---+---+---+---+---+---+---+---+---+---+---+---+---+---+---+
| O | X | O | O | O | O | O | X | O | X | O | O | O | O | X | O | O | O | X | O |
+---+---+---+---+---+---+---+---+---+---+---+---+---+---+---+---+---+---+---+---+
| O | O | O | X | O | O | O | X | X | O | O | X | O | O | O | O | X | O | O | O |
+---+---+---+---+---+---+---+---+---+---+---+---+---+---+---+---+---+---+---+---+

Solution:
+---+---+---+---+---+---+---+---+---+---+---+---+---+---+---+---+---+---+---+---+
|       |       | X | X |       |   | X | X |   | X |       |       |       |   |
+---+---+---+---+---+---+---+---+   +---+---+   +---+---+---+---+---+---+---+   +
| X |   |   | X | X |       | X |   |   | X |   |   | X |       | X |   | X |   |
+---+   +   +---+---+---+---+---+---+   +---+---+   +---+---+---+---+   +---+---+
|   |   |   |   |   | X |   | X | X |   | X | X |   | X |   |   |   |   |       |
+   +---+---+   +   +---+   +---+---+---+---+---+---+---+   +   +   +---+---+---+
|   |   | X |   |   | X |   |       |   |   |       |   |   |   |   | X |   |   |
+---+   +---+---+---+---+---+---+---+   +   +---+---+   +---+---+---+---+   +   +
| X |   |   |   |   | X | X |   | X |   |   |   | X |   | X |   |       |   |   |
+---+---+   +   +   +---+---+   +---+---+---+   +---+---+---+   +---+---+---+---+
|   | X |   |   |   |   | X |   | X |   | X |   |   | X |   |   |   |   |   | X |
+   +---+---+---+---+   +---+---+---+   +---+---+   +---+   +---+   +   +   +---+
|   | X | X | X | X |   | X | X | X |   |       |   |   |   |   |   |   |   |   |
+---+---+---+---+---+---+---+---+---+---+---+---+---+   +---+   +---+---+---+   +
| X |   |       |   |       |   | X |       |       |   |   |   |       |   |   |
+---+   +---+---+   +---+---+   +---+---+---+---+---+---+   +---+---+---+   +---+
|   |   | X |   |   | X | X |   | X |   |   | X |       |   |       |   |   | X |
+   +---+---+   +---+---+---+---+---+   +   +---+---+---+---+---+---+   +---+---+
|   |   |   |   |       | X |       |   |   |   | X |   |   |   | X |   |   |   |
+---+   +   +---+---+---+---+---+---+---+---+   +---+   +   +   +---+---+   +   +
|   |   |   |       | X |   | X | X |   |   |   | X |   |   |   |       |   |   |
+   +---+---+---+---+---+   +---+---+   +   +---+---+---+---+---+---+---+---+---+
|   |   |   | X |       |   |       |   |   |       |       | X |   | X | X |   |
+---+   +   +---+---+---+---+---+---+---+---+---+---+---+---+---+   +---+---+   +
|   |   |   |       |       | X |   | X |       |       |       |   |       |   |
+   +---+---+---+---+---+---+---+   +---+---+---+---+---+---+---+---+---+---+---+
|   | X |       |   | X |   |   |   | X |       | X |       | X |   | X |       |
+---+---+---+---+   +---+   +   +---+---+---+---+---+---+---+---+   +---+---+---+
|   |       | X |   | X |   |   |   |       | X |   | X |   | X |   |       | X |
+   +---+---+---+---+---+---+---+   +---+---+---+   +---+   +---+---+---+---+---+
|   | X |       |       |   | X |   | X |       |   |   |   |   |   |   |       |
+---+---+---+---+---+---+   +---+---+---+---+---+---+   +---+   +   +   +---+---+
|   |       |       | X |   |       |   | X |       |   |   |   |   |   |   | X |
+   +---+---+---+---+---+---+---+---+   +---+---+---+---+   +---+---+---+   +---+
|   | X |   |   |       |       |   |   |   |   | X |   |   |   |   | X |   |   |
+---+---+   +   +---+---+---+---+   +---+   +   +---+   +---+   +   +---+---+   +
|   | X |   |   |   |       | X |   | X |   |   |   |   | X |   |   |   | X |   |
+   +---+---+---+   +---+---+---+---+---+---+---+   +---+---+---+---+   +---+---+
|   |       | X |   |       | X | X |       | X |   |       | O | X |   |       |
+---+---+---+---+---+---+---+---+---+---+---+---+---+---+---+---+---+---+---+---+

Uncovered squares remaining = 1

