Case: 1
Sequence >>>> Reached end of tunnel
          0    1    2    3    4
      ----+----+----+----+----+
   0:          >    >    >    >
   1:                          
   2:                          
      ----+----+----+----+----+
Sequence >v>> Reached end of tunnel
          0    1    2    3    4
      ----+----+----+----+----+
   0:     >    >               
   1:               >    >    >
   2:                          
      ----+----+----+----+----+
Sequence >v^^ Crashed into tunnel ceiling
          0    1    2    3    4
      ----+----+----+----+----+
   0:     >    >         >     
   1:               >          
   2:                          
      ----+----+----+----+----+
Sequence v>vv Crashed into tunnel floor
          0    1    2    3    4
      ----+----+----+----+----+
   0:     >                    
   1:          >    >          
   2:                    >     
      ----+----+----+----+----+
Case: 2
Sequence >>>> Reached end of tunnel
          0    1    2    3    4
      ----+----+----+----+----+
   0:          >    >    >    >
   1:                    S     
   2:               S    S     
      ----+----+----+----+----+
Sequence >v>> Crashed into stalagmite
          0    1    2    3    4
      ----+----+----+----+----+
   0:     >    >               
   1:               >    S     
   2:               S    S     
      ----+----+----+----+----+
Sequence v>vv Crashed into stalagmite
          0    1    2    3    4
      ----+----+----+----+----+
   0:     >                    
   1:          >    >    S     
   2:               S    S     
      ----+----+----+----+----+
