Case: 1
+---+---+---+
| M | X |   |
+---+---+---+
| M | M | X |
+---+---+---+
| X | M | M |
+---+---+---+
| M | M | M |
+---+---+---+
Minions can cross the room 
Case: 2
+---+---+---+
| M | M | M |
+---+---+---+
| M | M | X |
+---+---+---+
| M | X |   |
+---+---+---+
| X |   |   |
+---+---+---+
Minions cannot cross the room 
Case: 3
+---+---+---+---+
| M | M | M | M |
+---+---+---+---+
| M | M | M | M |
+---+---+---+---+
| X | X | M | M |
+---+---+---+---+
|   |   | X | M |
+---+---+---+---+
|   | X | M | M |
+---+---+---+---+
Minions can cross the room 
Case: 4
+---+---+---+---+
| M | M | X |   |
+---+---+---+---+
| M | M | X |   |
+---+---+---+---+
| M | X | X |   |
+---+---+---+---+
| M | M | X |   |
+---+---+---+---+
| M | X | X |   |
+---+---+---+---+
Minions cannot cross the room 
Case: 5
+---+---+---+---+
| M | M | M | M |
+---+---+---+---+
| M | M | X | M |
+---+---+---+---+
| M | M | M | X |
+---+---+---+---+
| X | M | X |   |
+---+---+---+---+
|   | X |   |   |
+---+---+---+---+
Minions cannot cross the room 
Case: 6
+---+---+---+---+
| M | M | M | M |
+---+---+---+---+
| M | M | M | M |
+---+---+---+---+
| M | M | M | M |
+---+---+---+---+
| M | M | M | M |
+---+---+---+---+
| M | M | M | M |
+---+---+---+---+
Minions can cross the room 
Case: 7
+---+---+---+---+
| X | X | X | X |
+---+---+---+---+
| X | X | X | X |
+---+---+---+---+
| X | X | X | X |
+---+---+---+---+
| X | X | X | X |
+---+---+---+---+
| X | X | X | X |
+---+---+---+---+
Minions cannot cross the room 
Case: 8
+---+---+---+---+
| M | X | X | X |
+---+---+---+---+
| X | X | X | X |
+---+---+---+---+
| X | X | X | X |
+---+---+---+---+
| X | X | X | X |
+---+---+---+---+
| X | X | X |   |
+---+---+---+---+
Minions cannot cross the room 
Case: 9
+---+---+---+---+
| X |   |   |   |
+---+---+---+---+
|   |   |   |   |
+---+---+---+---+
|   |   |   |   |
+---+---+---+---+
|   |   |   |   |
+---+---+---+---+
|   |   |   |   |
+---+---+---+---+
Minions cannot cross the room 
Case: 10
+---+---+---+---+
| X |   |   |   |
+---+---+---+---+
|   |   |   |   |
+---+---+---+---+
|   |   |   |   |
+---+---+---+---+
|   |   |   |   |
+---+---+---+---+
|   |   |   | X |
+---+---+---+---+
Minions cannot cross the room 
Case: 11
+---+---+---+---+
| M | M | M | M |
+---+---+---+---+
| M | M | M | M |
+---+---+---+---+
| M | M | M | M |
+---+---+---+---+
| M | M | M | M |
+---+---+---+---+
| M | M | M | X |
+---+---+---+---+
Minions cannot cross the room 
Case: 12
+---+---+---+---+---+---+
| M | M | M | M | M | M |
+---+---+---+---+---+---+
| M | X | X | X | X | M |
+---+---+---+---+---+---+
| M | X |   |   | X | M |
+---+---+---+---+---+---+
| M | X |   |   | X | M |
+---+---+---+---+---+---+
| M | X |   |   | X | M |
+---+---+---+---+---+---+
| M | X |   |   | X | M |
+---+---+---+---+---+---+
| M | X | X | X | X | M |
+---+---+---+---+---+---+
| M | M | M | M | M | M |
+---+---+---+---+---+---+
Minions can cross the room 
Case: 13
+---+---+---+---+---+---+
| M | M | M | M | M | X |
+---+---+---+---+---+---+
| M | M | M | M | M | M |
+---+---+---+---+---+---+
| M | M | M | M | M | M |
+---+---+---+---+---+---+
| M | X | M | M | X | M |
+---+---+---+---+---+---+
| X | M | M | M | M | M |
+---+---+---+---+---+---+
| X | X | X | X | X | X |
+---+---+---+---+---+---+
|   |   |   | X | X |   |
+---+---+---+---+---+---+
|   |   |   |   |   |   |
+---+---+---+---+---+---+
Minions cannot cross the room 
Case: 14
+---+---+---+---+---+---+
| M | M | M | X |   |   |
+---+---+---+---+---+---+
| M | M | M | M | X |   |
+---+---+---+---+---+---+
| X | M | X | X |   |   |
+---+---+---+---+---+---+
|   | X |   |   |   |   |
+---+---+---+---+---+---+
|   | X |   |   |   |   |
+---+---+---+---+---+---+
|   |   |   | X |   | X |
+---+---+---+---+---+---+
Minions cannot cross the room 
Case: 15
+---+---+---+---+---+---+---+
| M | X | M | M | X | M | M |
+---+---+---+---+---+---+---+
| M | M | X | M | X | M | M |
+---+---+---+---+---+---+---+
| M | X | M | M | M | M | X |
+---+---+---+---+---+---+---+
| M | X | M | X | M | M | M |
+---+---+---+---+---+---+---+
| M | M | M | M | M | X | M |
+---+---+---+---+---+---+---+
Minions can cross the room 
Case: 16
+---+---+---+---+
| M | X |   |   |
+---+---+---+---+
| M | M | X |   |
+---+---+---+---+
| X | X |   |   |
+---+---+---+---+
|   |   |   | X |
+---+---+---+---+
|   |   |   |   |
+---+---+---+---+
Minions cannot cross the room 
Case: 17
+---+---+---+---+---+---+---+---+
| M | M | M | X | M | M | M | M |
+---+---+---+---+---+---+---+---+
| M | X | M | M | M | M | M | M |
+---+---+---+---+---+---+---+---+
| M | M | M | M | M | M | M | X |
+---+---+---+---+---+---+---+---+
| M | M | X | M | M | X | M | M |
+---+---+---+---+---+---+---+---+
| M | M | M | M | M | M | M | M |
+---+---+---+---+---+---+---+---+
| M | M | M | M | M | X | M | M |
+---+---+---+---+---+---+---+---+
| X | M | M | M | M | M | M | M |
+---+---+---+---+---+---+---+---+
| M | M | X | M | M | M | M | M |
+---+---+---+---+---+---+---+---+
Minions can cross the room 
Case: 18
+---+---+---+---+
| X |   |   |   |
+---+---+---+---+
|   |   |   |   |
+---+---+---+---+
| X | X |   |   |
+---+---+---+---+
|   |   | X |   |
+---+---+---+---+
|   | X |   |   |
+---+---+---+---+
Minions cannot cross the room 
Case: 19
+---+---+---+---+---+---+---+---+---+---+---+---+---+---+---+---+---+---+---+---+
| M | M | M | M | X | X |   |   |   | X | X |   | X |   |   |   |   |   |   |   |
+---+---+---+---+---+---+---+---+---+---+---+---+---+---+---+---+---+---+---+---+
| X | M | M | X | X |   |   | X |   |   | X |   |   | X |   |   | X |   | X |   |
+---+---+---+---+---+---+---+---+---+---+---+---+---+---+---+---+---+---+---+---+
| M | M | M | M | M | X |   | X | X |   | X | X |   | X |   |   |   |   |   |   |
+---+---+---+---+---+---+---+---+---+---+---+---+---+---+---+---+---+---+---+---+
| M | M | X | M | M | X |   |   |   |   |   |   |   |   |   |   |   | X |   |   |
+---+---+---+---+---+---+---+---+---+---+---+---+---+---+---+---+---+---+---+---+
| X | M | M | M | M | X | X |   | X |   |   |   | X |   | X |   |   |   |   |   |
+---+---+---+---+---+---+---+---+---+---+---+---+---+---+---+---+---+---+---+---+
|   | X | M | M | M | X | X |   | X |   | X |   |   | X |   |   |   |   |   | X |
+---+---+---+---+---+---+---+---+---+---+---+---+---+---+---+---+---+---+---+---+
|   | X | X | X | X |   | X | X | X |   |   |   |   |   |   |   |   |   |   |   |
+---+---+---+---+---+---+---+---+---+---+---+---+---+---+---+---+---+---+---+---+
| X |   |   |   |   |   |   |   | X |   |   |   |   |   |   |   |   |   |   |   |
+---+---+---+---+---+---+---+---+---+---+---+---+---+---+---+---+---+---+---+---+
|   |   | X |   |   | X | X |   | X |   |   | X |   |   |   |   |   |   |   | X |
+---+---+---+---+---+---+---+---+---+---+---+---+---+---+---+---+---+---+---+---+
|   |   |   |   |   |   | X |   |   |   |   |   | X |   |   |   | X |   |   |   |
+---+---+---+---+---+---+---+---+---+---+---+---+---+---+---+---+---+---+---+---+
|   |   |   |   |   | X |   | X | X |   |   |   | X |   |   |   |   |   |   |   |
+---+---+---+---+---+---+---+---+---+---+---+---+---+---+---+---+---+---+---+---+
|   |   |   | X |   |   |   |   |   |   |   |   |   |   |   | X |   | X | X |   |
+---+---+---+---+---+---+---+---+---+---+---+---+---+---+---+---+---+---+---+---+
|   |   |   |   |   |   |   | X |   | X |   |   |   |   |   |   |   |   |   |   |
+---+---+---+---+---+---+---+---+---+---+---+---+---+---+---+---+---+---+---+---+
|   | X |   |   |   | X |   |   |   | X |   |   | X |   |   | X |   | X |   |   |
+---+---+---+---+---+---+---+---+---+---+---+---+---+---+---+---+---+---+---+---+
|   |   |   | X |   | X |   |   |   |   |   | X |   | X |   | X |   |   |   | X |
+---+---+---+---+---+---+---+---+---+---+---+---+---+---+---+---+---+---+---+---+
|   | X |   |   |   |   |   | X |   | X |   |   |   |   |   |   |   |   |   |   |
+---+---+---+---+---+---+---+---+---+---+---+---+---+---+---+---+---+---+---+---+
|   |   |   |   |   | X |   |   |   |   | X |   |   |   |   |   |   |   |   | X |
+---+---+---+---+---+---+---+---+---+---+---+---+---+---+---+---+---+---+---+---+
|   | X |   |   |   |   |   |   |   |   |   |   | X |   |   |   |   | X |   |   |
+---+---+---+---+---+---+---+---+---+---+---+---+---+---+---+---+---+---+---+---+
|   | X |   |   |   |   |   | X |   | X |   |   |   |   | X |   |   |   | X |   |
+---+---+---+---+---+---+---+---+---+---+---+---+---+---+---+---+---+---+---+---+
|   |   |   | X |   |   |   | X | X |   |   | X |   |   |   |   | X |   |   |   |
+---+---+---+---+---+---+---+---+---+---+---+---+---+---+---+---+---+---+---+---+
Minions cannot cross the room 
Case: 20
+---+---+---+---+---+---+---+---+---+---+---+---+---+---+---+---+---+---+---+---+
| M | M | M | M | X | X | M | M | M | X | X | M | X | M | M | M | M | M | M | M |
+---+---+---+---+---+---+---+---+---+---+---+---+---+---+---+---+---+---+---+---+
| X | M | M | X | X | M | M | X | M | M | X | M | M | X | M | M | X | M | X | M |
+---+---+---+---+---+---+---+---+---+---+---+---+---+---+---+---+---+---+---+---+
| M | M | M | M | M | X | M | X | X | M | X | X | M | X | M | M | M | M | M | M |
+---+---+---+---+---+---+---+---+---+---+---+---+---+---+---+---+---+---+---+---+
| M | M | X | M | M | X | M | M | M | M | M | M | M | M | M | M | M | X | M | M |
+---+---+---+---+---+---+---+---+---+---+---+---+---+---+---+---+---+---+---+---+
| X | M | M | M | M | X | X | M | X | M | M | M | X | M | X | M | M | M | M | M |
+---+---+---+---+---+---+---+---+---+---+---+---+---+---+---+---+---+---+---+---+
|   | X | M | M | M | M | X | M | X | M | X | M | M | X | M | M | M | M | M | X |
+---+---+---+---+---+---+---+---+---+---+---+---+---+---+---+---+---+---+---+---+
|   | X | X | X | X | M | X | X | X | M | M | M | M | M | M | M | M | M | M | M |
+---+---+---+---+---+---+---+---+---+---+---+---+---+---+---+---+---+---+---+---+
| X | M | M | M | M | M | M | M | X | M | M | M | M | M | M | M | M | M | M | M |
+---+---+---+---+---+---+---+---+---+---+---+---+---+---+---+---+---+---+---+---+
| M | M | X | M | M | X | X | M | X | M | M | X | M | M | M | M | M | M | M | X |
+---+---+---+---+---+---+---+---+---+---+---+---+---+---+---+---+---+---+---+---+
| M | M | M | M | M | M | X | M | M | M | M | M | X | M | M | M | X | M | M | M |
+---+---+---+---+---+---+---+---+---+---+---+---+---+---+---+---+---+---+---+---+
| M | M | M | M | M | X | M | X | X | M | M | M | X | M | M | M | M | M | M | M |
+---+---+---+---+---+---+---+---+---+---+---+---+---+---+---+---+---+---+---+---+
| M | M | M | X | M | M | M | M | M | M | M | M | M | M | M | X | M | X | X | M |
+---+---+---+---+---+---+---+---+---+---+---+---+---+---+---+---+---+---+---+---+
| M | M | M | M | M | M | M | X | M | X | M | M | M | M | M | M | M | M | M | M |
+---+---+---+---+---+---+---+---+---+---+---+---+---+---+---+---+---+---+---+---+
| M | X | M | M | M | X | M | M | M | X | M | M | X | M | M | X | M | X | M | M |
+---+---+---+---+---+---+---+---+---+---+---+---+---+---+---+---+---+---+---+---+
| M | M | M | X | M | X | M | M | M | M | M | X | M | X | M | X | M | M | M | X |
+---+---+---+---+---+---+---+---+---+---+---+---+---+---+---+---+---+---+---+---+
| M | X | M | M | M | M | M | X | M | X | M | M | M | M | M | M | M | M | M | M |
+---+---+---+---+---+---+---+---+---+---+---+---+---+---+---+---+---+---+---+---+
| M | M | M | M | M | X | M | M | M | M | X | M | M | M | M | M | M | M | M | X |
+---+---+---+---+---+---+---+---+---+---+---+---+---+---+---+---+---+---+---+---+
| M | X | M | M | M | M | M | M | M | M | M | M | X | M | M | M | M | X | M | M |
+---+---+---+---+---+---+---+---+---+---+---+---+---+---+---+---+---+---+---+---+
| M | X | M | M | M | M | M | X | M | X | M | M | M | M | X | M | M | M | X | M |
+---+---+---+---+---+---+---+---+---+---+---+---+---+---+---+---+---+---+---+---+
| M | M | M | X | M | M | M | X | X | M | M | X | M | M | M | M | X | M | M | M |
+---+---+---+---+---+---+---+---+---+---+---+---+---+---+---+---+---+---+---+---+
Minions can cross the room 