Case: 1
Sequence >>>> Reached end of tunnel
          0    1    2    3    4
      ----+----+----+----+----+
   0:          >    >    >    >
   1:                          
   2:                          
      ----+----+----+----+----+
Sequence >v>> Reached end of tunnel
          0    1    2    3    4
      ----+----+----+----+----+
   0:     >    >               
   1:               >    >    >
   2:                          
      ----+----+----+----+----+
Sequence >v^^ Crashed into tunnel ceiling
          0    1    2    3    4
      ----+----+----+----+----+
   0:     >    >         >     
   1:               >          
   2:                          
      ----+----+----+----+----+
Sequence v>vv Crashed into tunnel floor
          0    1    2    3    4
      ----+----+----+----+----+
   0:     >                    
   1:          >    >          
   2:                    >     
      ----+----+----+----+----+
Case: 2
Sequence >>>> Reached end of tunnel
          0    1    2    3    4
      ----+----+----+----+----+
   0:          >    >    >    >
   1:                    S     
   2:               S    S     
      ----+----+----+----+----+
Sequence >v>> Crashed into stalagmite
          0    1    2    3    4
      ----+----+----+----+----+
   0:     >    >               
   1:               >    S     
   2:               S    S     
      ----+----+----+----+----+
Sequence v>vv Crashed into stalagmite
          0    1    2    3    4
      ----+----+----+----+----+
   0:     >                    
   1:          >    >    S     
   2:               S    S     
      ----+----+----+----+----+
Case: 3
Sequence >v>>>>>^> Reached end of tunnel
          0    1    2    3    4    5    6    7    8    9
      ----+----+----+----+----+----+----+----+----+----+
   0:          >                                  >    >
   1:               >    >    >    >    >    >          
   2:                                                   
   3:                                                   
   4:                                                   
   5:                                                   
      ----+----+----+----+----+----+----+----+----+----+
Sequence v>v>v>vvv Crashed into tunnel floor
          0    1    2    3    4    5    6    7    8    9
      ----+----+----+----+----+----+----+----+----+----+
   0:     >                                             
   1:          >    >                                   
   2:                    >    >                         
   3:                              >    >               
   4:                                        >          
   5:                                             >     
      ----+----+----+----+----+----+----+----+----+----+
Sequence vv>>>^^^^ Crashed into tunnel ceiling
          0    1    2    3    4    5    6    7    8    9
      ----+----+----+----+----+----+----+----+----+----+
   0:     >                                  >          
   1:          >                        >               
   2:               >    >    >    >                    
   3:                                                   
   4:                                                   
   5:                                                   
      ----+----+----+----+----+----+----+----+----+----+
Sequence vvvv^^v^^ Reached end of tunnel
          0    1    2    3    4    5    6    7    8    9
      ----+----+----+----+----+----+----+----+----+----+
   0:     >                                             
   1:          >                                       >
   2:               >                   >         >     
   3:                    >         >         >          
   4:                         >                         
   5:                                                   
      ----+----+----+----+----+----+----+----+----+----+
Case: 4
Sequence >v>>>>>^> Reached end of tunnel
          0    1    2    3    4    5    6    7    8    9
      ----+----+----+----+----+----+----+----+----+----+
   0:          >                                  >    >
   1:               >    >    >    >    >    >          
   2:                                                   
   3:                                                   
   4:                    S                              
   5:                    S                              
      ----+----+----+----+----+----+----+----+----+----+
Sequence v>v>v>vvv Crashed into tunnel floor
          0    1    2    3    4    5    6    7    8    9
      ----+----+----+----+----+----+----+----+----+----+
   0:     >                                             
   1:          >    >                                   
   2:                    >    >                         
   3:                              >    >               
   4:                    S                   >          
   5:                    S                        >     
      ----+----+----+----+----+----+----+----+----+----+
Sequence vv>>>^^^^ Crashed into tunnel ceiling
          0    1    2    3    4    5    6    7    8    9
      ----+----+----+----+----+----+----+----+----+----+
   0:     >                                  >          
   1:          >                        >               
   2:               >    >    >    >                    
   3:                                                   
   4:                    S                              
   5:                    S                              
      ----+----+----+----+----+----+----+----+----+----+
Sequence vvvv^^v^^ Reached end of tunnel
          0    1    2    3    4    5    6    7    8    9
      ----+----+----+----+----+----+----+----+----+----+
   0:     >                                             
   1:          >                                       >
   2:               >                   >         >     
   3:                    >         >         >          
   4:                    S    >                         
   5:                    S                              
      ----+----+----+----+----+----+----+----+----+----+
Case: 5
Sequence >v>>>>>^> Reached end of tunnel
          0    1    2    3    4    5    6    7    8    9
      ----+----+----+----+----+----+----+----+----+----+
   0:          >                                  >    >
   1:               >    >    >    >    >    >          
   2:                    S                              
   3:                    S                              
   4:                    S         S                    
   5:                    S         S                    
      ----+----+----+----+----+----+----+----+----+----+
Sequence v>v>v>vvv Crashed into stalagmite
          0    1    2    3    4    5    6    7    8    9
      ----+----+----+----+----+----+----+----+----+----+
   0:     >                                             
   1:          >    >                                   
   2:                    S                              
   3:                    S                              
   4:                    S         S                    
   5:                    S         S                    
      ----+----+----+----+----+----+----+----+----+----+
Sequence vv>>>^^^^ Crashed into stalagmite
          0    1    2    3    4    5    6    7    8    9
      ----+----+----+----+----+----+----+----+----+----+
   0:     >                                             
   1:          >                                        
   2:               >    S                              
   3:                    S                              
   4:                    S         S                    
   5:                    S         S                    
      ----+----+----+----+----+----+----+----+----+----+
Sequence vvvv^^v^^ Crashed into stalagmite
          0    1    2    3    4    5    6    7    8    9
      ----+----+----+----+----+----+----+----+----+----+
   0:     >                                             
   1:          >                                        
   2:               >    S                              
   3:                    S                              
   4:                    S         S                    
   5:                    S         S                    
      ----+----+----+----+----+----+----+----+----+----+
Case: 6
Sequence >v>>>>>^> Reached end of tunnel
          0    1    2    3    4    5    6    7    8    9
      ----+----+----+----+----+----+----+----+----+----+
   0:          >                                  >    >
   1:               >    >    >    >    >    >          
   2:                                                   
   3:                                                   
   4:                                   S               
   5:                                   S               
      ----+----+----+----+----+----+----+----+----+----+
Sequence v>v>v>vvv Crashed into tunnel floor
          0    1    2    3    4    5    6    7    8    9
      ----+----+----+----+----+----+----+----+----+----+
   0:     >                                             
   1:          >    >                                   
   2:                    >    >                         
   3:                              >    >               
   4:                                   S    >          
   5:                                   S         >     
      ----+----+----+----+----+----+----+----+----+----+
Sequence vv>>>^^^^ Crashed into tunnel ceiling
          0    1    2    3    4    5    6    7    8    9
      ----+----+----+----+----+----+----+----+----+----+
   0:     >                                  >          
   1:          >                        >               
   2:               >    >    >    >                    
   3:                                                   
   4:                                   S               
   5:                                   S               
      ----+----+----+----+----+----+----+----+----+----+
Sequence vvvv^^v^^ Reached end of tunnel
          0    1    2    3    4    5    6    7    8    9
      ----+----+----+----+----+----+----+----+----+----+
   0:     >                                             
   1:          >                                       >
   2:               >                   >         >     
   3:                    >         >         >          
   4:                         >         S               
   5:                                   S               
      ----+----+----+----+----+----+----+----+----+----+
Case: 7
Sequence >v>>>>>^> Reached end of tunnel
          0    1    2    3    4    5    6    7    8    9
      ----+----+----+----+----+----+----+----+----+----+
   0:          >                                  >    >
   1:               >    >    >    >    >    >          
   2:                                                   
   3:                                   S               
   4:                              S    S               
   5:                              S    S               
      ----+----+----+----+----+----+----+----+----+----+
Sequence v>v>v>vvv Crashed into stalagmite
          0    1    2    3    4    5    6    7    8    9
      ----+----+----+----+----+----+----+----+----+----+
   0:     >                                             
   1:          >    >                                   
   2:                    >    >                         
   3:                              >    S               
   4:                              S    S               
   5:                              S    S               
      ----+----+----+----+----+----+----+----+----+----+
Sequence vv>>>^^^^ Crashed into tunnel ceiling
          0    1    2    3    4    5    6    7    8    9
      ----+----+----+----+----+----+----+----+----+----+
   0:     >                                  >          
   1:          >                        >               
   2:               >    >    >    >                    
   3:                                   S               
   4:                              S    S               
   5:                              S    S               
      ----+----+----+----+----+----+----+----+----+----+
Sequence vvvv^^v^^ Reached end of tunnel
          0    1    2    3    4    5    6    7    8    9
      ----+----+----+----+----+----+----+----+----+----+
   0:     >                                             
   1:          >                                       >
   2:               >                   >         >     
   3:                    >         >    S    >          
   4:                         >    S    S               
   5:                              S    S               
      ----+----+----+----+----+----+----+----+----+----+
Case: 8
Sequence >v>>>>>^> Crashed into stalagmite
          0    1    2    3    4    5    6    7    8    9
      ----+----+----+----+----+----+----+----+----+----+
   0:          >                             S          
   1:               >    >    >    >    >    S          
   2:                                        S          
   3:                                        S          
   4:                                        S          
   5:                                        S          
      ----+----+----+----+----+----+----+----+----+----+
Sequence v>v>v>vvv Crashed into stalagmite
          0    1    2    3    4    5    6    7    8    9
      ----+----+----+----+----+----+----+----+----+----+
   0:     >                                  S          
   1:          >    >                        S          
   2:                    >    >              S          
   3:                              >    >    S          
   4:                                        S          
   5:                                        S          
      ----+----+----+----+----+----+----+----+----+----+
Sequence vv>>>^^^^ Crashed into stalagmite
          0    1    2    3    4    5    6    7    8    9
      ----+----+----+----+----+----+----+----+----+----+
   0:     >                                  S          
   1:          >                        >    S          
   2:               >    >    >    >         S          
   3:                                        S          
   4:                                        S          
   5:                                        S          
      ----+----+----+----+----+----+----+----+----+----+
Sequence vvvv^^v^^ Crashed into stalagmite
          0    1    2    3    4    5    6    7    8    9
      ----+----+----+----+----+----+----+----+----+----+
   0:     >                                  S          
   1:          >                             S          
   2:               >                   >    S          
   3:                    >         >         S          
   4:                         >              S          
   5:                                        S          
      ----+----+----+----+----+----+----+----+----+----+
Case: 9
Sequence >v>>>>>^> Reached end of tunnel
          0    1    2    3    4    5    6    7    8    9
      ----+----+----+----+----+----+----+----+----+----+
   0:          >                                  >    >
   1:               >    >    >    >    >    >          
   2:                                                   
   3:                                                   
   4:               S                                   
   5:               S                                   
      ----+----+----+----+----+----+----+----+----+----+
Sequence v>v>v>vvv Crashed into tunnel floor
          0    1    2    3    4    5    6    7    8    9
      ----+----+----+----+----+----+----+----+----+----+
   0:     >                                             
   1:          >    >                                   
   2:                    >    >                         
   3:                              >    >               
   4:               S                        >          
   5:               S                             >     
      ----+----+----+----+----+----+----+----+----+----+
Sequence vv>>>^^^^ Crashed into tunnel ceiling
          0    1    2    3    4    5    6    7    8    9
      ----+----+----+----+----+----+----+----+----+----+
   0:     >                                  >          
   1:          >                        >               
   2:               >    >    >    >                    
   3:                                                   
   4:               S                                   
   5:               S                                   
      ----+----+----+----+----+----+----+----+----+----+
Sequence vvvv^^v^^ Reached end of tunnel
          0    1    2    3    4    5    6    7    8    9
      ----+----+----+----+----+----+----+----+----+----+
   0:     >                                             
   1:          >                                       >
   2:               >                   >         >     
   3:                    >         >         >          
   4:               S         >                         
   5:               S                                   
      ----+----+----+----+----+----+----+----+----+----+
Case: 10
Sequence >v>>>>>^> Reached end of tunnel
          0    1    2    3    4    5    6    7    8    9
      ----+----+----+----+----+----+----+----+----+----+
   0:          >                                  >    >
   1:               >    >    >    >    >    >         S
   2:          S                                       S
   3:          S                        S              S
   4:          S                   S    S              S
   5:          S                   S    S              S
      ----+----+----+----+----+----+----+----+----+----+
Sequence v>v>v>vvv Crashed into stalagmite
          0    1    2    3    4    5    6    7    8    9
      ----+----+----+----+----+----+----+----+----+----+
   0:     >                                             
   1:          >    >                                  S
   2:          S         >    >                        S
   3:          S                   >    S              S
   4:          S                   S    S              S
   5:          S                   S    S              S
      ----+----+----+----+----+----+----+----+----+----+
Sequence vv>>>^^^^ Crashed into tunnel ceiling
          0    1    2    3    4    5    6    7    8    9
      ----+----+----+----+----+----+----+----+----+----+
   0:     >                                  >          
   1:          >                        >              S
   2:          S    >    >    >    >                   S
   3:          S                        S              S
   4:          S                   S    S              S
   5:          S                   S    S              S
      ----+----+----+----+----+----+----+----+----+----+
Sequence vvvv^^v^^ Crashed into stalagmite
          0    1    2    3    4    5    6    7    8    9
      ----+----+----+----+----+----+----+----+----+----+
   0:     >                                             
   1:          >                                       S
   2:          S    >                   >         >    S
   3:          S         >         >    S    >         S
   4:          S              >    S    S              S
   5:          S                   S    S              S
      ----+----+----+----+----+----+----+----+----+----+
