Case: 1
Saw 10 sharks for sequence >v>> 
Case: 2
Saw 6 sharks for sequence >v^v 
Case: 3
Saw 10 sharks for sequence >>>vv>>>> 
Case: 4
Saw 10 sharks for sequence >>>vv>>^> 
Case: 5
Saw 0 sharks for sequence >>>>>>>>> 
Case: 6
Saw 37 sharks for sequence >>vvv>v>^ 
Case: 7
Saw 29 sharks for sequence >>vvv^>>v 
Case: 8
Saw 56 sharks for sequence vv^>vvv>^ 
Case: 9
Saw 7477 sharks for sequence vv^>vvv>^>>^^>vvv>^>>>>>>>>>>>>>vvvvvvvvvvvvvvvvvvvvvvvvvvvvvvvvvvvvvvvvvvvvvvvvvvvvvvvvvvvvvvvvvvvvvvvvvvvvvvv>^>vvv>^>>>>>>>>>>>>>>>>>>>>>^^^^^^^^^^^>>>>>>>>>>>>>>>>>>>>>>>>>>>>>>>>>>>>>>>>>>>>>>>>>>>>>>>>>>>>>>>>>>>>>>>>>>>>>>>>>>>>>>>>>>>>>>>>>>>>>>>>>>>>>>>>>>>>>>>>>>>>>>>>>>>>>>>>>>>>>>>>>>>>>>>>>>>>>>>>>>>>>>>>>>>>>>>>>>>>>>>>>>>>>>>>>>>>>>>>>>>>>>>>>>>>>>>>>>>>>>>>>>>>>>>>>>>>>>>>^^^^^^^^^^>>>>>>>>>>>>>>>>>>>>>>>>>>>>>>>>>>>>>>>>>>>>>>>>>>>>>>>>>>>>>>>>>>>>>>>>>>>>>>>>vvvvvvvvvvvvvvvvvvvv>>>>>>>>>>>>>>>>>>>>>>>>>>>>>>>>>>>>>>>>>>>>>>>>>>>>>>>>>>>>>>>>>>>>>>^^^^^^^^^^^^^^^^^^^^^^^^^^^^^^>>>>>>>>>>>>>>>>>>>>>>>>>>>>>>>>>>>>>>>>>>>>>>>>>>>>>>>>>>>>>>>>>>>>>>vvvvvvvvvvvvvvvvvvvvvvvvvvvvvv>>>>>>>>>>>>>>>>>>>>>>>>>>>>>>>>>>>>>>>>>>>>>>>>>>>>>>>>>>>>>>>>>>>>>>>>>>>>>>>>^^^^^^^^^^^^^^^^^^^^>>>>>>>>>>>>>>>>>>>>>>>>>>>>>>>>>>>>>>>>>>>>>>>>>>>>>>>>>>>>>>>>>>>>>>>>>>>>>>>>^^^^^^^^^^^^^^^^^^^^^^^^^^^^^^>>>>>>>>>>>>>>>>>>>>vvvvvvvvvvvvvvvvvvvv>>>>>>>>>>>>>>>>>>>>>>>>>>>>>>>>>>>>>>>>>>>>>>>>>>>>>>>>>>>>>>>>>>>>>>>>>>>>>>>>>>>>>>>>>>>>>>>>>>>>>>>>>>>>>>>>>>>>>>>>>>>>>>>>>>>>>>>>>>>>>>>>>>>>>>>>>>>>>>>v^^>vvv>^>>>>>>>>>>>>>>>>>>>>>>>>>>>>>>>>>>>>>>>>>>>>>>>>>>>>>>>>>>>>>>>>>>>>>>>>>>>>>>>> 
Case: 10
Saw 4089 sharks for sequence vv^>vvv>^>>^^>vvv>^>>>>>>>>>>>>>>>>>>>>>>>>>>>>>>>>>>>>>>>>>>>>>>>>>>>>>>>>>>>>>>>>>>>>>>>>>>>>>>>>>>>>>>>>>>>>^^>vvv>^>>>>>>>>>>>>>>>>>>>>>>>>>>>>>>>>>>>>>>>>>>>>>>>>>>>>>>>>>>>>>>>vvvvvvvvvvvvvvvvvvvvvvvvvvvvvvvvvvvvvvvvvvvvvvvvvvvvvvvvvvvvvvvvvvvvv>>>>>>^^^^^^^^^^^^^^^^^^^^^^^^^^^^^^^^^^^^^^^^^^^>>>>>>>>>>>>>>>>>>>>>>>>>>>>>>>>>>>>>>>>>>>>>>>>>>>>>>>>>>>>>>>>>>>>>>>>>>>>>>>>>>>>>>>>>>^^^^^^^^^^>>>>>>>>vvvvvvvvvvvvvvvvvvvvvvvvvvvvvvvvvvvvvvvvvvv>>>>>>>>>>>>>>>>>>>>>>>>>>>>>>>>>>>>^^^^^^^^^^^^^>>>>>>>>>>>>>>>>>>vvvvvvvvvvvvvvvvvvvvvvvvvvvvvvvvv>>>>>>>>>>>>>>>>>>>>^^^^^^^^^^^^^^^^^^^^^^^^^^^^^^>>>>>>>>>>>>>>>>>>>>>>>>>>>>>>>>>>>>>>>>>>>>>>>>>>>>>>>>>>>>>>>>>>>>>>>>>>>>>>>>>>>>>>>>>>>>>>>>>>>>>>>>>>>>>>>>>>>>>>>>>>>>>>>>>>>>>>>>>>>>>>>>>>>>>>>>>>>>^^^^^^^^^^^^^^^^^^^^^^^^^^^^^^^^^^^^^^^^^^^>>>>>>>>>>>>>>>>>>>>>>>>>>>>>>>>>>>>>>>>>>>>>>>>>>>>>>>>>>>>>>>>>>>>>>>>>>>>>>>>>>>>>>>>vvvvvvvvvvvvvvvvvvvvvvv>>>>>>>>>>>>>>>>>>>>vvvvvvvvvvvvvvvvvvvv>>>>>>>>>>>>>>>>>>>>>>>>>>>>>>>>>>>>>>>>>>>>>>>>>>>>>>>>>>>>>>>>>>>>>>>>>>>>>>>>>>>>>>>>>>>>>>>>>>>>>>>>>>>>>>>>>>>>>>>>>>>>>>>>>>>>>>>>>>>>>>>>>>>>>>>>>>>>>>>v^^>vvv>^>>>>>>>>>>>>>>>>>^^^^^^^^^^^^^^^^^^^^^^^^^^^^^^^^^^^^^^^^^^^^>>>>>>>>>>>>>>>>>>> 