Swapping letters to make agnes look like heard earned 10 coins.
Swapping letters to make unicorn look like minions earned 1 coins.
Swapping letters to make victor look like vector earned 4 coins.
Swapping letters to make sweat look like waste was FREE.
Swapping letters to make a look like a was FREE.
Swapping letters to make a look like b cost 1 coins.
Swapping letters to make b look like d cost 2 coins.
Swapping letters to make d look like b earned 2 coins.
Swapping letters to make z look like a earned 25 coins.
Swapping letters to make z look like y earned 1 coins.
Swapping letters to make z look like m earned 13 coins.
Swapping letters to make m look like z cost 13 coins.
Swapping letters to make aaronic look like ababdeh earned 38 coins.
Swapping letters to make zygosis look like zygotic earned 15 coins.
Swapping letters to make catalogue look like coagulate was FREE.
Swapping letters to make decimate look like medicate was FREE.
Swapping letters to make canoe look like ocean was FREE.
Swapping letters to make englander look like greenland was FREE.
Swapping letters to make pathomania look like overfrieze cost 31 coins.
Swapping letters to make aminolipin look like unrequited cost 22 coins.
Swapping letters to make chelonidae look like prestretch cost 56 coins.
Swapping letters to make cleruchial look like pleurocele cost 20 coins.
Swapping letters to make tortricina look like verifiably earned 18 coins.
Swapping letters to make northupite look like anatriptic earned 35 coins.
Swapping letters to make unpenanced look like implacable earned 23 coins.
Swapping letters to make componendo look like robotesque cost 23 coins.
