Case: 1
+---+---+---+---+---+---+
| O | O | O | X | O | O |
+---+---+---+---+---+---+
| O | O | O | O | X | O |
+---+---+---+---+---+---+
| X | O | X | O | O | O |
+---+---+---+---+---+---+
| O | X | O | O | O | O |
+---+---+---+---+---+---+
| O | X | O | O | O | O |
+---+---+---+---+---+---+
| O | O | O | X | O | X |
+---+---+---+---+---+---+

Solution:
+---+---+---+---+---+---+
| O | O | O | X | O | O |
+---+---+---+---+---+---+
| O | O | O | O | X | O |
+---+---+---+---+---+---+
| X | O | X | O | O | O |
+---+---+---+---+---+---+
| O | X | O | O | O | O |
+---+---+---+---+---+---+
| O | X | O | O | O | O |
+---+---+---+---+---+---+
| O | O | O | X | O | X |
+---+---+---+---+---+---+

Uncovered squares remaining = 28

